2020-04-18 01:01:18,687 [Worker-3: Loading available Gradle versions] INFO  o.e.b.c.i.u.g.PublishedGradleVersions - Gradle version information cache is up-to-date. Trying to read.
2020-04-18 01:24:43,132 [Worker-25: Creating jersey-quickstart-webapp] INFO  o.e.m.c.i.p.ProjectConfigurationManager - Collecting project info '/pom.xml' C:\Users\Administrator\Desktop\Doctor Management  Service\DoctorManagement\pom.xml
2020-04-18 01:24:50,857 [Worker-25: Creating jersey-quickstart-webapp] INFO  o.e.m.c.i.l.LifecycleMappingFactory - Using org.maven.ide.eclipse.wtp.WarLifecycleMapping lifecycle mapping for MavenProject: com:DoctorManagement:0.0.1-SNAPSHOT @ C:\Users\Administrator\Desktop\Doctor Management  Service\DoctorManagement\pom.xml.
2020-04-18 01:24:57,552 [Worker-25: Creating jersey-quickstart-webapp] INFO  o.e.m.j.i.AbstractJavaProjectConfigurator - Adding source folder /DoctorManagement/src/main/java
2020-04-18 01:24:57,553 [Worker-25: Creating jersey-quickstart-webapp] INFO  o.e.m.j.i.AbstractJavaProjectConfigurator - Adding resource folder /DoctorManagement/src/main/resources
2020-04-18 01:24:57,565 [Worker-25: Creating jersey-quickstart-webapp] INFO  o.e.m.j.i.AbstractJavaProjectConfigurator - Adding source folder /DoctorManagement/src/test/java
2020-04-18 01:25:04,865 [Worker-25: Creating jersey-quickstart-webapp] INFO  o.e.m.c.i.p.ProjectConfigurationManager - Imported and configured 1 project(s) in 21 sec
2020-04-18 01:25:06,908 [Worker-26: Building] INFO  o.e.m.c.i.embedder.EclipseLogger - Using 'UTF-8' encoding to copy filtered resources.
2020-04-18 01:25:06,939 [Worker-26: Building] INFO  o.e.m.c.i.embedder.EclipseLogger - Copying 0 resource
2020-04-18 01:25:06,943 [Worker-26: Building] INFO  o.e.m.c.i.embedder.EclipseLogger - Using 'UTF-8' encoding to copy filtered resources.
2020-04-18 01:25:06,943 [Worker-26: Building] INFO  o.e.m.c.i.embedder.EclipseLogger - skip non existing resourceDirectory C:\Users\Administrator\Desktop\Doctor Management  Service\DoctorManagement\src\test\resources
2020-04-18 01:25:59,681 [Worker-28: Building] INFO  o.e.m.c.i.embedder.EclipseLogger - Using 'UTF-8' encoding to copy filtered resources.
2020-04-18 01:25:59,771 [Worker-28: Building] INFO  o.e.m.c.i.embedder.EclipseLogger - Copying 0 resource
2020-04-18 01:25:59,773 [Worker-28: Building] INFO  o.e.m.c.i.embedder.EclipseLogger - Using 'UTF-8' encoding to copy filtered resources.
2020-04-18 01:25:59,774 [Worker-28: Building] INFO  o.e.m.c.i.embedder.EclipseLogger - skip non existing resourceDirectory C:\Users\Administrator\Desktop\Doctor Management  Service\DoctorManagement\src\test\resources
2020-04-18 01:28:15,677 [Worker-25: Building] INFO  o.e.m.c.i.l.LifecycleMappingFactory - Using org.maven.ide.eclipse.wtp.WarLifecycleMapping lifecycle mapping for MavenProject: com.project.healthcare:HealthCare:1.0-SNAPSHOT @ C:\Users\Administrator\Desktop\Doctor Management  Service\DoctorManagement\pom.xml.
2020-04-18 01:28:17,118 [Worker-25: Building] WARN  o.e.m.c.i.embedder.EclipseLogger - The POM for com.sun.xml.bind:jaxb-impl:jar:2.2.11 is invalid, transitive dependencies (if any) will not be available, enable debug logging for more details
2020-04-18 01:28:17,171 [Worker-25: Building] WARN  o.e.m.c.i.embedder.EclipseLogger - The POM for com.sun.xml.bind:jaxb-core:jar:2.2.11 is invalid, transitive dependencies (if any) will not be available, enable debug logging for more details
2020-04-18 01:28:17,746 [Worker-25: Building] WARN  o.e.m.c.i.embedder.EclipseLogger - The POM for com.sun.xml.bind:jaxb-impl:jar:2.2.11 is invalid, transitive dependencies (if any) will not be available, enable debug logging for more details
2020-04-18 01:28:17,769 [Worker-25: Building] WARN  o.e.m.c.i.embedder.EclipseLogger - The POM for com.sun.xml.bind:jaxb-core:jar:2.2.11 is invalid, transitive dependencies (if any) will not be available, enable debug logging for more details
2020-04-18 01:28:21,640 [Worker-25: Building] INFO  o.e.m.c.i.embedder.EclipseLogger - Using 'UTF-8' encoding to copy filtered resources.
2020-04-18 01:28:21,642 [Worker-25: Building] INFO  o.e.m.c.i.embedder.EclipseLogger - Copying 0 resource
2020-04-18 01:28:21,646 [Worker-25: Building] INFO  o.e.m.c.i.embedder.EclipseLogger - Using 'UTF-8' encoding to copy filtered resources.
2020-04-18 01:28:21,647 [Worker-25: Building] INFO  o.e.m.c.i.embedder.EclipseLogger - skip non existing resourceDirectory C:\Users\Administrator\Desktop\Doctor Management  Service\DoctorManagement\src\test\resources
2020-04-18 01:28:21,648 [Worker-25: Building] INFO  o.e.m.w.i.f.ResourceFilteringBuildParticipant - Changed resources require a complete clean of filtered resources of DoctorManagement
2020-04-18 01:28:21,649 [Worker-25: Building] INFO  o.e.m.w.i.f.ResourceFilteringBuildParticipant - Executing resource filtering for DoctorManagement
2020-04-18 01:28:21,656 [Worker-25: Building] INFO  o.e.m.c.i.embedder.EclipseLogger - Using 'UTF-8' encoding to copy filtered resources.
2020-04-18 01:28:22,346 [Worker-32: Building] WARN  o.e.m.c.i.embedder.EclipseLogger - The POM for com.sun.xml.bind:jaxb-impl:jar:2.2.11 is invalid, transitive dependencies (if any) will not be available, enable debug logging for more details
2020-04-18 01:28:22,378 [Worker-32: Building] WARN  o.e.m.c.i.embedder.EclipseLogger - The POM for com.sun.xml.bind:jaxb-core:jar:2.2.11 is invalid, transitive dependencies (if any) will not be available, enable debug logging for more details
2020-04-18 01:28:22,597 [Worker-32: Building] INFO  o.e.m.c.i.embedder.EclipseLogger - Using 'UTF-8' encoding to copy filtered resources.
2020-04-18 01:28:22,598 [Worker-32: Building] INFO  o.e.m.c.i.embedder.EclipseLogger - Copying 0 resource
2020-04-18 01:28:22,600 [Worker-32: Building] INFO  o.e.m.c.i.embedder.EclipseLogger - Using 'UTF-8' encoding to copy filtered resources.
2020-04-18 01:28:22,601 [Worker-32: Building] INFO  o.e.m.c.i.embedder.EclipseLogger - skip non existing resourceDirectory C:\Users\Administrator\Desktop\Doctor Management  Service\DoctorManagement\src\test\resources
2020-04-18 01:28:35,296 [Worker-31: Building] INFO  o.e.m.c.i.embedder.EclipseLogger - Using 'UTF-8' encoding to copy filtered resources.
2020-04-18 01:28:35,297 [Worker-31: Building] INFO  o.e.m.c.i.embedder.EclipseLogger - Copying 0 resource
2020-04-18 01:28:35,299 [Worker-31: Building] INFO  o.e.m.c.i.embedder.EclipseLogger - Using 'UTF-8' encoding to copy filtered resources.
2020-04-18 01:28:35,300 [Worker-31: Building] INFO  o.e.m.c.i.embedder.EclipseLogger - skip non existing resourceDirectory C:\Users\Administrator\Desktop\Doctor Management  Service\DoctorManagement\src\test\resources
2020-04-18 01:29:26,698 [Worker-34: Building] INFO  o.e.m.c.i.embedder.EclipseLogger - Using 'UTF-8' encoding to copy filtered resources.
2020-04-18 01:29:26,700 [Worker-34: Building] INFO  o.e.m.c.i.embedder.EclipseLogger - Copying 0 resource
2020-04-18 01:29:26,705 [Worker-34: Building] INFO  o.e.m.c.i.embedder.EclipseLogger - Using 'UTF-8' encoding to copy filtered resources.
2020-04-18 01:29:26,705 [Worker-34: Building] INFO  o.e.m.c.i.embedder.EclipseLogger - skip non existing resourceDirectory C:\Users\Administrator\Desktop\Doctor Management  Service\DoctorManagement\src\test\resources
2020-04-18 01:29:27,811 [Worker-26: Building] INFO  o.e.m.c.i.embedder.EclipseLogger - Using 'UTF-8' encoding to copy filtered resources.
2020-04-18 01:29:27,812 [Worker-26: Building] INFO  o.e.m.c.i.embedder.EclipseLogger - Copying 0 resource
2020-04-18 01:29:27,818 [Worker-26: Building] INFO  o.e.m.c.i.embedder.EclipseLogger - Using 'UTF-8' encoding to copy filtered resources.
2020-04-18 01:29:27,819 [Worker-26: Building] INFO  o.e.m.c.i.embedder.EclipseLogger - skip non existing resourceDirectory C:\Users\Administrator\Desktop\Doctor Management  Service\DoctorManagement\src\test\resources
2020-04-18 01:30:16,648 [Worker-25: Building] INFO  o.e.m.c.i.embedder.EclipseLogger - Using 'UTF-8' encoding to copy filtered resources.
2020-04-18 01:30:16,650 [Worker-25: Building] INFO  o.e.m.c.i.embedder.EclipseLogger - Copying 0 resource
2020-04-18 01:30:16,652 [Worker-25: Building] INFO  o.e.m.c.i.embedder.EclipseLogger - Using 'UTF-8' encoding to copy filtered resources.
2020-04-18 01:30:16,652 [Worker-25: Building] INFO  o.e.m.c.i.embedder.EclipseLogger - skip non existing resourceDirectory C:\Users\Administrator\Desktop\Doctor Management  Service\DoctorManagement\src\test\resources
2020-04-18 01:31:07,391 [Worker-34: Building] INFO  o.e.m.c.i.embedder.EclipseLogger - Using 'UTF-8' encoding to copy filtered resources.
2020-04-18 01:31:07,392 [Worker-34: Building] INFO  o.e.m.c.i.embedder.EclipseLogger - Copying 0 resource
2020-04-18 01:31:07,394 [Worker-34: Building] INFO  o.e.m.c.i.embedder.EclipseLogger - Using 'UTF-8' encoding to copy filtered resources.
2020-04-18 01:31:07,395 [Worker-34: Building] INFO  o.e.m.c.i.embedder.EclipseLogger - skip non existing resourceDirectory C:\Users\Administrator\Desktop\Doctor Management  Service\DoctorManagement\src\test\resources
2020-04-18 01:31:56,233 [Worker-31: Building] INFO  o.e.m.c.i.embedder.EclipseLogger - Using 'UTF-8' encoding to copy filtered resources.
2020-04-18 01:31:56,236 [Worker-31: Building] INFO  o.e.m.c.i.embedder.EclipseLogger - Copying 0 resource
2020-04-18 01:31:56,238 [Worker-31: Building] INFO  o.e.m.c.i.embedder.EclipseLogger - Using 'UTF-8' encoding to copy filtered resources.
2020-04-18 01:31:56,239 [Worker-31: Building] INFO  o.e.m.c.i.embedder.EclipseLogger - skip non existing resourceDirectory C:\Users\Administrator\Desktop\Doctor Management  Service\DoctorManagement\src\test\resources
2020-04-18 01:32:22,478 [Worker-31: Building] INFO  o.e.m.c.i.embedder.EclipseLogger - Using 'UTF-8' encoding to copy filtered resources.
2020-04-18 01:32:22,479 [Worker-31: Building] INFO  o.e.m.c.i.embedder.EclipseLogger - Copying 0 resource
2020-04-18 01:32:22,480 [Worker-31: Building] INFO  o.e.m.c.i.embedder.EclipseLogger - Using 'UTF-8' encoding to copy filtered resources.
2020-04-18 01:32:22,481 [Worker-31: Building] INFO  o.e.m.c.i.embedder.EclipseLogger - skip non existing resourceDirectory C:\Users\Administrator\Desktop\Doctor Management  Service\DoctorManagement\src\test\resources
2020-04-18 01:33:05,825 [Worker-26: Building] INFO  o.e.m.c.i.embedder.EclipseLogger - Using 'UTF-8' encoding to copy filtered resources.
2020-04-18 01:33:05,826 [Worker-26: Building] INFO  o.e.m.c.i.embedder.EclipseLogger - Copying 0 resource
2020-04-18 01:33:05,828 [Worker-26: Building] INFO  o.e.m.c.i.embedder.EclipseLogger - Using 'UTF-8' encoding to copy filtered resources.
2020-04-18 01:33:05,830 [Worker-26: Building] INFO  o.e.m.c.i.embedder.EclipseLogger - skip non existing resourceDirectory C:\Users\Administrator\Desktop\Doctor Management  Service\DoctorManagement\src\test\resources
2020-04-18 01:33:50,560 [Worker-31: Building] INFO  o.e.m.c.i.embedder.EclipseLogger - Using 'UTF-8' encoding to copy filtered resources.
2020-04-18 01:33:50,561 [Worker-31: Building] INFO  o.e.m.c.i.embedder.EclipseLogger - Copying 0 resource
2020-04-18 01:33:50,563 [Worker-31: Building] INFO  o.e.m.c.i.embedder.EclipseLogger - Using 'UTF-8' encoding to copy filtered resources.
2020-04-18 01:33:50,563 [Worker-31: Building] INFO  o.e.m.c.i.embedder.EclipseLogger - skip non existing resourceDirectory C:\Users\Administrator\Desktop\Doctor Management  Service\DoctorManagement\src\test\resources
2020-04-18 02:19:24,559 [Worker-2: Loading available Gradle versions] INFO  o.e.b.c.i.u.g.PublishedGradleVersions - Gradle version information cache is up-to-date. Trying to read.
2020-04-18 02:19:29,207 [Worker-12: Updating Maven Dependencies] INFO  o.e.m.c.i.l.LifecycleMappingFactory - Using org.maven.ide.eclipse.wtp.WarLifecycleMapping lifecycle mapping for MavenProject: com.project.healthcare:HealthCare:1.0-SNAPSHOT @ C:\Users\Administrator\Desktop\Doctor Management  Service\DoctorManagement\pom.xml.
2020-04-18 02:19:29,972 [Worker-12: Updating Maven Dependencies] WARN  o.e.m.c.i.embedder.EclipseLogger - The POM for com.sun.xml.bind:jaxb-impl:jar:2.2.11 is invalid, transitive dependencies (if any) will not be available, enable debug logging for more details
2020-04-18 02:19:30,287 [Worker-12: Updating Maven Dependencies] WARN  o.e.m.c.i.embedder.EclipseLogger - The POM for com.sun.xml.bind:jaxb-core:jar:2.2.11 is invalid, transitive dependencies (if any) will not be available, enable debug logging for more details
2020-04-18 02:19:30,659 [Worker-15: Updating indexes] INFO  o.e.m.c.i.i.nexus.NexusIndexManager - Updating index for repository: central|https://repo.maven.apache.org/maven2
2020-04-18 02:19:33,180 [Worker-12: Updating Maven Dependencies] WARN  o.e.m.c.i.embedder.EclipseLogger - The POM for com.sun.xml.bind:jaxb-impl:jar:2.2.11 is invalid, transitive dependencies (if any) will not be available, enable debug logging for more details
2020-04-18 02:19:33,209 [Worker-12: Updating Maven Dependencies] WARN  o.e.m.c.i.embedder.EclipseLogger - The POM for com.sun.xml.bind:jaxb-core:jar:2.2.11 is invalid, transitive dependencies (if any) will not be available, enable debug logging for more details
2020-04-18 02:19:37,948 [Worker-6: Building] WARN  o.e.m.c.i.embedder.EclipseLogger - The POM for com.sun.xml.bind:jaxb-impl:jar:2.2.11 is invalid, transitive dependencies (if any) will not be available, enable debug logging for more details
2020-04-18 02:19:37,978 [Worker-6: Building] WARN  o.e.m.c.i.embedder.EclipseLogger - The POM for com.sun.xml.bind:jaxb-core:jar:2.2.11 is invalid, transitive dependencies (if any) will not be available, enable debug logging for more details
2020-04-18 02:19:38,825 [Worker-6: Building] INFO  o.e.m.c.i.embedder.EclipseLogger - Using 'UTF-8' encoding to copy filtered resources.
2020-04-18 02:19:38,871 [Worker-6: Building] INFO  o.e.m.c.i.embedder.EclipseLogger - Copying 0 resource
2020-04-18 02:19:38,886 [Worker-6: Building] INFO  o.e.m.c.i.embedder.EclipseLogger - Using 'UTF-8' encoding to copy filtered resources.
2020-04-18 02:19:38,886 [Worker-6: Building] INFO  o.e.m.c.i.embedder.EclipseLogger - skip non existing resourceDirectory C:\Users\Administrator\Desktop\Doctor Management  Service\DoctorManagement\src\test\resources
2020-04-18 02:32:19,465 [Worker-15: Updating indexes] ERROR o.e.m.c.i.i.nexus.NexusIndexManager - Unable to update index for central|https://repo.maven.apache.org/maven2: C:\Users\Administrator\.m2\repository\.cache\m2e\1.15.0\05b0fe8524860bd73cbb07ef30fb34cc\nexus-maven-repository-index.zip (The system cannot find the file specified)
java.io.FileNotFoundException: C:\Users\Administrator\.m2\repository\.cache\m2e\1.15.0\05b0fe8524860bd73cbb07ef30fb34cc\nexus-maven-repository-index.zip (The system cannot find the file specified)
	at java.base/java.io.FileInputStream.open0(Native Method) ~[na:na]
	at java.base/java.io.FileInputStream.open(FileInputStream.java:213) ~[na:na]
	at java.base/java.io.FileInputStream.<init>(FileInputStream.java:155) ~[na:na]
	at org.apache.maven.index.updater.DefaultIndexUpdater$FileFetcher.retrieve(DefaultIndexUpdater.java:568) ~[na:na]
	at org.apache.maven.index.updater.DefaultIndexUpdater.loadIndexDirectory(DefaultIndexUpdater.java:206) ~[na:na]
	at org.apache.maven.index.updater.DefaultIndexUpdater.access$300(DefaultIndexUpdater.java:75) ~[na:na]
	at org.apache.maven.index.updater.DefaultIndexUpdater$LuceneIndexAdaptor.setIndexFile(DefaultIndexUpdater.java:645) ~[na:na]
	at org.apache.maven.index.updater.DefaultIndexUpdater.fetchAndUpdateIndex(DefaultIndexUpdater.java:844) ~[na:na]
	at org.apache.maven.index.updater.DefaultIndexUpdater.fetchAndUpdateIndex(DefaultIndexUpdater.java:156) ~[na:na]
	at org.eclipse.m2e.core.internal.index.nexus.NexusIndexManager.updateRemoteIndex(NexusIndexManager.java:1138) ~[na:na]
	at org.eclipse.m2e.core.internal.index.nexus.NexusIndexManager.updateIndex(NexusIndexManager.java:1082) ~[na:na]
	at org.eclipse.m2e.core.internal.index.nexus.NexusIndexManager.lambda$0(NexusIndexManager.java:656) ~[na:na]
	at org.eclipse.m2e.core.internal.index.nexus.IndexUpdaterJob.run(IndexUpdaterJob.java:74) ~[na:na]
	at org.eclipse.core.internal.jobs.Worker.run(Worker.java:63) ~[org.eclipse.core.jobs_3.10.700.v20200106-1020.jar:na]
2020-04-18 06:11:22,548 [Start Help Server] INFO  org.eclipse.jetty.util.log - Logging initialized @13954961ms to org.eclipse.jetty.util.log.Slf4jLog
2020-04-18 06:11:23,335 [Start Help Server] INFO  org.eclipse.jetty.server.Server - jetty-9.4.27.v20200227; built: 2020-03-02T14:40:42.212Z; git: a304fd9f351f337e7c0e2a7c28878dd536149c6c; jvm 13.0.2+8
2020-04-18 06:11:23,402 [Start Help Server] INFO  org.eclipse.jetty.server.session - DefaultSessionIdManager workerName=node0
2020-04-18 06:11:23,402 [Start Help Server] INFO  org.eclipse.jetty.server.session - No SessionScavenger set, using defaults
2020-04-18 06:11:23,404 [Start Help Server] INFO  org.eclipse.jetty.server.session - node0 Scavenging every 600000ms
2020-04-18 06:11:23,525 [Start Help Server] INFO  o.e.j.server.handler.ContextHandler - Started o.e.j.s.ServletContextHandler@4ce73614{/help,null,AVAILABLE}
2020-04-18 06:11:24,501 [Start Help Server] INFO  o.e.jetty.server.AbstractConnector - Started ServerConnector@46b6a819{HTTP/1.1, (http/1.1)}{127.0.0.1:12123}
2020-04-18 06:11:24,501 [Start Help Server] INFO  org.eclipse.jetty.server.Server - Started @13956916ms
2020-04-18 06:11:24,502 [Start Help Server] INFO  org.eclipse.jetty.server.session - node0 Scavenging every 660000ms
2020-04-18 12:26:04,442 [Stop Help Server] INFO  o.e.jetty.server.AbstractConnector - Stopped ServerConnector@46b6a819{HTTP/1.1, (http/1.1)}{127.0.0.1:0}
2020-04-18 12:26:04,443 [Stop Help Server] INFO  org.eclipse.jetty.server.session - node0 Stopped scavenging
2020-04-18 12:26:04,458 [Stop Help Server] INFO  o.e.j.server.handler.ContextHandler - Stopped o.e.j.s.ServletContextHandler@4ce73614{/help,null,UNAVAILABLE}
2020-04-18 12:40:51,086 [Worker-10: Loading available Gradle versions] INFO  o.e.b.c.i.u.g.PublishedGradleVersions - Gradle version information cache is up-to-date. Trying to read.
2020-04-18 12:40:53,961 [Worker-0: Updating indexes] INFO  o.e.m.c.i.i.nexus.NexusIndexManager - Updating index for repository: central|https://repo.maven.apache.org/maven2
2020-04-18 12:41:09,293 [Worker-18: Updating Maven Dependencies] INFO  o.e.m.c.i.l.LifecycleMappingFactory - Using org.maven.ide.eclipse.wtp.WarLifecycleMapping lifecycle mapping for MavenProject: com.project.healthcare:HealthCare:1.0-SNAPSHOT @ C:\Users\Administrator\Desktop\Doctor Management  Service\DoctorManagement\pom.xml.
2020-04-18 12:41:09,293 [Worker-1: Building] INFO  o.e.m.c.i.l.LifecycleMappingFactory - Using org.maven.ide.eclipse.wtp.WarLifecycleMapping lifecycle mapping for MavenProject: com.project.healthcare:HealthCare:1.0-SNAPSHOT @ C:\Users\Administrator\Desktop\Doctor Management  Service\DoctorManagement\pom.xml.
2020-04-18 12:41:15,520 [Worker-1: Building] WARN  o.e.m.c.i.embedder.EclipseLogger - The POM for com.sun.xml.bind:jaxb-impl:jar:2.2.11 is invalid, transitive dependencies (if any) will not be available, enable debug logging for more details
2020-04-18 12:41:15,526 [Worker-18: Updating Maven Dependencies] WARN  o.e.m.c.i.embedder.EclipseLogger - The POM for com.sun.xml.bind:jaxb-impl:jar:2.2.11 is invalid, transitive dependencies (if any) will not be available, enable debug logging for more details
2020-04-18 12:41:15,726 [Worker-18: Updating Maven Dependencies] WARN  o.e.m.c.i.embedder.EclipseLogger - The POM for com.sun.xml.bind:jaxb-core:jar:2.2.11 is invalid, transitive dependencies (if any) will not be available, enable debug logging for more details
2020-04-18 12:41:15,745 [Worker-1: Building] WARN  o.e.m.c.i.embedder.EclipseLogger - The POM for com.sun.xml.bind:jaxb-core:jar:2.2.11 is invalid, transitive dependencies (if any) will not be available, enable debug logging for more details
2020-04-18 12:41:18,282 [Worker-1: Building] WARN  o.e.m.c.i.embedder.EclipseLogger - The POM for com.sun.xml.bind:jaxb-impl:jar:2.2.11 is invalid, transitive dependencies (if any) will not be available, enable debug logging for more details
2020-04-18 12:41:18,347 [Worker-1: Building] WARN  o.e.m.c.i.embedder.EclipseLogger - The POM for com.sun.xml.bind:jaxb-core:jar:2.2.11 is invalid, transitive dependencies (if any) will not be available, enable debug logging for more details
2020-04-18 12:41:32,302 [Worker-1: Building] INFO  o.e.m.c.i.embedder.EclipseLogger - Using 'UTF-8' encoding to copy filtered resources.
2020-04-18 12:41:32,309 [Worker-1: Building] INFO  o.e.m.c.i.embedder.EclipseLogger - Copying 0 resource
2020-04-18 12:41:32,713 [Worker-1: Building] INFO  o.e.m.c.i.embedder.EclipseLogger - Using 'UTF-8' encoding to copy filtered resources.
2020-04-18 12:41:32,714 [Worker-1: Building] INFO  o.e.m.c.i.embedder.EclipseLogger - skip non existing resourceDirectory C:\Users\Administrator\Desktop\Doctor Management  Service\DoctorManagement\src\test\resources
2020-04-18 12:41:33,182 [Worker-21: Updating Maven Dependencies] INFO  o.e.m.c.i.l.LifecycleMappingFactory - Using org.maven.ide.eclipse.wtp.WarLifecycleMapping lifecycle mapping for MavenProject: com.project.healthcare:HealthCare:1.0-SNAPSHOT @ C:\Users\Administrator\Desktop\Doctor Management  Service\DoctorManagement\pom.xml.
2020-04-18 12:41:33,523 [Worker-21: Updating Maven Dependencies] WARN  o.e.m.c.i.embedder.EclipseLogger - The POM for com.sun.xml.bind:jaxb-impl:jar:2.2.11 is invalid, transitive dependencies (if any) will not be available, enable debug logging for more details
2020-04-18 12:41:33,658 [Worker-21: Updating Maven Dependencies] WARN  o.e.m.c.i.embedder.EclipseLogger - The POM for com.sun.xml.bind:jaxb-core:jar:2.2.11 is invalid, transitive dependencies (if any) will not be available, enable debug logging for more details
2020-04-18 12:41:35,389 [Worker-1: Building] WARN  o.e.m.c.i.embedder.EclipseLogger - The POM for com.sun.xml.bind:jaxb-impl:jar:2.2.11 is invalid, transitive dependencies (if any) will not be available, enable debug logging for more details
2020-04-18 12:41:35,452 [Worker-1: Building] WARN  o.e.m.c.i.embedder.EclipseLogger - The POM for com.sun.xml.bind:jaxb-core:jar:2.2.11 is invalid, transitive dependencies (if any) will not be available, enable debug logging for more details
2020-04-18 12:41:35,560 [Worker-1: Building] INFO  o.e.m.c.i.embedder.EclipseLogger - Using 'UTF-8' encoding to copy filtered resources.
2020-04-18 12:41:35,576 [Worker-1: Building] INFO  o.e.m.c.i.embedder.EclipseLogger - Copying 0 resource
2020-04-18 12:41:35,578 [Worker-1: Building] INFO  o.e.m.c.i.embedder.EclipseLogger - Using 'UTF-8' encoding to copy filtered resources.
2020-04-18 12:41:35,579 [Worker-1: Building] INFO  o.e.m.c.i.embedder.EclipseLogger - skip non existing resourceDirectory C:\Users\Administrator\Desktop\Doctor Management  Service\DoctorManagement\src\test\resources
2020-04-18 12:53:57,907 [Worker-0: Updating indexes] ERROR o.e.m.c.i.i.nexus.NexusIndexManager - Unable to update index for central|https://repo.maven.apache.org/maven2: C:\Users\Administrator\.m2\repository\.cache\m2e\1.15.0\05b0fe8524860bd73cbb07ef30fb34cc\nexus-maven-repository-index.zip (The system cannot find the file specified)
java.io.FileNotFoundException: C:\Users\Administrator\.m2\repository\.cache\m2e\1.15.0\05b0fe8524860bd73cbb07ef30fb34cc\nexus-maven-repository-index.zip (The system cannot find the file specified)
	at java.base/java.io.FileInputStream.open0(Native Method) ~[na:na]
	at java.base/java.io.FileInputStream.open(FileInputStream.java:213) ~[na:na]
	at java.base/java.io.FileInputStream.<init>(FileInputStream.java:155) ~[na:na]
	at org.apache.maven.index.updater.DefaultIndexUpdater$FileFetcher.retrieve(DefaultIndexUpdater.java:568) ~[na:na]
	at org.apache.maven.index.updater.DefaultIndexUpdater.loadIndexDirectory(DefaultIndexUpdater.java:206) ~[na:na]
	at org.apache.maven.index.updater.DefaultIndexUpdater.access$300(DefaultIndexUpdater.java:75) ~[na:na]
	at org.apache.maven.index.updater.DefaultIndexUpdater$LuceneIndexAdaptor.setIndexFile(DefaultIndexUpdater.java:645) ~[na:na]
	at org.apache.maven.index.updater.DefaultIndexUpdater.fetchAndUpdateIndex(DefaultIndexUpdater.java:844) ~[na:na]
	at org.apache.maven.index.updater.DefaultIndexUpdater.fetchAndUpdateIndex(DefaultIndexUpdater.java:156) ~[na:na]
	at org.eclipse.m2e.core.internal.index.nexus.NexusIndexManager.updateRemoteIndex(NexusIndexManager.java:1138) ~[na:na]
	at org.eclipse.m2e.core.internal.index.nexus.NexusIndexManager.updateIndex(NexusIndexManager.java:1082) ~[na:na]
	at org.eclipse.m2e.core.internal.index.nexus.NexusIndexManager.lambda$0(NexusIndexManager.java:656) ~[na:na]
	at org.eclipse.m2e.core.internal.index.nexus.IndexUpdaterJob.run(IndexUpdaterJob.java:74) ~[na:na]
	at org.eclipse.core.internal.jobs.Worker.run(Worker.java:63) ~[org.eclipse.core.jobs_3.10.700.v20200106-1020.jar:na]
